<?xml version="1.0" encoding="UTF-8"?>
<testsuites errors="0" failures="0" name="Test Report" skipped="0" tests="1" time="0.000000">
	<testsuite errors="0" failures="0" name="用户模块自动化用例 GUI版-20171106203933" skipped="0" tests="1" time="0.000000">
		<testcase classname="TestCase.UserSystem.UserGUI.UserGUI" name="U0001_用户名注册 (test_U0001)" rerun="0" screenshot="" starttime="2017-11-06 20:39:33.844372" status="PASS" stoptime="2017-11-06 20:39:33.844372" time="0.000000">
			<step message="        操作步骤:
        1、进入注册页面
        2、输入6-16位账户名(非数字开头的英文、下划线和数字组合)、手机号(13、14、15、18、17开头)、登录密码(8-20位字符，至少含数字、大写字母、小写字母、符号中的2种)、验证码(6位)、选择推荐人，输入系统中存在的推荐人用户名或手机号
        3、勾选‘我已阅读并同意《小牛在线服务协议》’
        4、点击【下一步】
        5、点击【获取验证码】
        6、输入6位验证码，点击【确认】
        "/>
			<expected message="预期结果:         
        注册成功"/>
		</testcase>
		<system-out>
<![CDATA[]]>		</system-out>
		<system-err>
<![CDATA[]]>		</system-err>
	</testsuite>
</testsuites>
